<?xml version="1.0" encoding="UTF-8"?>
<!-- Generated by org.testng.reporters.JUnitReportReporter -->
<testsuite skipped="0" hostname="ucreate16-Aspire-E5-574G" name="BrewBrokercircleci.BrewBrokercircleci.OpenBrowser" tests="1" failures="0" timestamp="18 Mar 2019 12:21:21 GMT" time="14.465" errors="0">
  <testcase name="openBrowser" time="14.465" classname="BrewBrokercircleci.BrewBrokercircleci.OpenBrowser"/>
</testsuite> <!-- BrewBrokercircleci.BrewBrokercircleci.OpenBrowser -->
